<?xml version="1.0" encoding="UTF-8"?>
<coverage generated="1749773746348" clover="3.2.0">
  <project timestamp="1749773746348" name="All files">
    <metrics statements="27" coveredstatements="10" conditionals="21" coveredconditionals="10" methods="5" coveredmethods="3" elements="53" coveredelements="23" complexity="0" loc="27" ncloc="27" packages="1" files="1" classes="1"/>
    <file name="script.js" path="C:\Users\Ricardo\OneDrive - Fatec Centro Paula Souza\Desktop\calculadora de nota\script.js">
      <metrics statements="27" coveredstatements="10" conditionals="21" coveredconditionals="10" methods="5" coveredmethods="3"/>
      <line num="2" count="12" type="cond" truecount="3" falsecount="0"/>
      <line num="6" count="6" type="stmt"/>
      <line num="10" count="9" type="cond" truecount="2" falsecount="0"/>
      <line num="11" count="3" type="stmt"/>
      <line num="12" count="6" type="cond" truecount="2" falsecount="0"/>
      <line num="13" count="3" type="stmt"/>
      <line num="15" count="3" type="stmt"/>
      <line num="20" count="0" type="stmt"/>
      <line num="22" count="0" type="stmt"/>
      <line num="23" count="0" type="stmt"/>
      <line num="24" count="0" type="stmt"/>
      <line num="25" count="0" type="stmt"/>
      <line num="27" count="0" type="stmt"/>
      <line num="28" count="0" type="stmt"/>
      <line num="29" count="0" type="stmt"/>
      <line num="31" count="0" type="cond" truecount="0" falsecount="4"/>
      <line num="32" count="0" type="stmt"/>
      <line num="33" count="0" type="stmt"/>
      <line num="36" count="0" type="stmt"/>
      <line num="37" count="0" type="stmt"/>
      <line num="39" count="0" type="stmt"/>
      <line num="48" count="1" type="stmt"/>
      <line num="49" count="0" type="stmt"/>
      <line num="50" count="0" type="cond" truecount="0" falsecount="2"/>
      <line num="51" count="0" type="stmt"/>
      <line num="55" count="1" type="cond" truecount="3" falsecount="1"/>
      <line num="56" count="1" type="stmt"/>
    </file>
  </project>
</coverage>
