{"C:\\Users\\Ricardo\\OneDrive - Fatec Centro Paula Souza\\Desktop\\calculadora-docker-ci\\script.js": {"path":"C:\\Users\\Ricardo\\OneDrive - Fatec Centro Paula Souza\\Desktop\\calculadora-docker-ci\\script.js","statementMap":{"0":{"start":{"line":2,"column":4},"end":{"line":2,"column":63}},"1":{"start":{"line":6,"column":4},"end":{"line":6,"column":31}},"2":{"start":{"line":10,"column":4},"end":{"line":16,"column":5}},"3":{"start":{"line":11,"column":8},"end":{"line":11,"column":26}},"4":{"start":{"line":12,"column":11},"end":{"line":16,"column":5}},"5":{"start":{"line":13,"column":8},"end":{"line":13,"column":29}},"6":{"start":{"line":15,"column":8},"end":{"line":15,"column":27}},"7":{"start":{"line":20,"column":4},"end":{"line":20,"column":27}},"8":{"start":{"line":22,"column":27},"end":{"line":22,"column":63}},"9":{"start":{"line":23,"column":23},"end":{"line":23,"column":55}},"10":{"start":{"line":24,"column":23},"end":{"line":24,"column":55}},"11":{"start":{"line":25,"column":25},"end":{"line":25,"column":61}},"12":{"start":{"line":27,"column":22},"end":{"line":27,"column":42}},"13":{"start":{"line":28,"column":18},"end":{"line":28,"column":46}},"14":{"start":{"line":29,"column":18},"end":{"line":29,"column":46}},"15":{"start":{"line":31,"column":4},"end":{"line":34,"column":5}},"16":{"start":{"line":32,"column":8},"end":{"line":32,"column":108}},"17":{"start":{"line":33,"column":8},"end":{"line":33,"column":15}},"18":{"start":{"line":36,"column":18},"end":{"line":36,"column":45}},"19":{"start":{"line":37,"column":21},"end":{"line":37,"column":46}},"20":{"start":{"line":39,"column":4},"end":{"line":45,"column":6}},"21":{"start":{"line":48,"column":0},"end":{"line":53,"column":3}},"22":{"start":{"line":49,"column":21},"end":{"line":49,"column":56}},"23":{"start":{"line":50,"column":4},"end":{"line":52,"column":5}},"24":{"start":{"line":51,"column":8},"end":{"line":51,"column":58}},"25":{"start":{"line":55,"column":0},"end":{"line":61,"column":1}},"26":{"start":{"line":56,"column":4},"end":{"line":60,"column":6}},"27":{"start":{"line":63,"column":0},"end":{"line":144,"column":3}},"28":{"start":{"line":64,"column":20},"end":{"line":64,"column":54}},"29":{"start":{"line":65,"column":19},"end":{"line":65,"column":62}},"30":{"start":{"line":66,"column":21},"end":{"line":66,"column":23}},"31":{"start":{"line":67,"column":19},"end":{"line":67,"column":21}},"32":{"start":{"line":68,"column":24},"end":{"line":68,"column":26}},"33":{"start":{"line":69,"column":28},"end":{"line":69,"column":33}},"34":{"start":{"line":72,"column":8},"end":{"line":72,"column":30}},"35":{"start":{"line":75,"column":4},"end":{"line":143,"column":7}},"36":{"start":{"line":76,"column":8},"end":{"line":142,"column":11}},"37":{"start":{"line":77,"column":26},"end":{"line":77,"column":42}},"38":{"start":{"line":79,"column":12},"end":{"line":86,"column":13}},"39":{"start":{"line":80,"column":16},"end":{"line":80,"column":32}},"40":{"start":{"line":81,"column":16},"end":{"line":81,"column":30}},"41":{"start":{"line":82,"column":16},"end":{"line":82,"column":35}},"42":{"start":{"line":83,"column":16},"end":{"line":83,"column":37}},"43":{"start":{"line":84,"column":16},"end":{"line":84,"column":42}},"44":{"start":{"line":85,"column":16},"end":{"line":85,"column":23}},"45":{"start":{"line":88,"column":12},"end":{"line":103,"column":13}},"46":{"start":{"line":89,"column":16},"end":{"line":101,"column":17}},"47":{"start":{"line":91,"column":20},"end":{"line":95,"column":21}},"48":{"start":{"line":92,"column":24},"end":{"line":92,"column":80}},"49":{"start":{"line":94,"column":24},"end":{"line":94,"column":43}},"50":{"start":{"line":96,"column":20},"end":{"line":96,"column":48}},"51":{"start":{"line":97,"column":20},"end":{"line":97,"column":54}},"52":{"start":{"line":98,"column":20},"end":{"line":98,"column":34}},"53":{"start":{"line":99,"column":20},"end":{"line":99,"column":39}},"54":{"start":{"line":100,"column":20},"end":{"line":100,"column":45}},"55":{"start":{"line":102,"column":16},"end":{"line":102,"column":23}},"56":{"start":{"line":105,"column":12},"end":{"line":128,"column":13}},"57":{"start":{"line":106,"column":16},"end":{"line":126,"column":17}},"58":{"start":{"line":107,"column":20},"end":{"line":120,"column":21}},"59":{"start":{"line":110,"column":24},"end":{"line":114,"column":25}},"60":{"start":{"line":111,"column":28},"end":{"line":111,"column":84}},"61":{"start":{"line":113,"column":28},"end":{"line":113,"column":47}},"62":{"start":{"line":115,"column":24},"end":{"line":115,"column":61}},"63":{"start":{"line":116,"column":24},"end":{"line":116,"column":64}},"64":{"start":{"line":118,"column":24},"end":{"line":118,"column":51}},"65":{"start":{"line":119,"column":24},"end":{"line":119,"column":61}},"66":{"start":{"line":121,"column":20},"end":{"line":121,"column":37}},"67":{"start":{"line":122,"column":20},"end":{"line":122,"column":36}},"68":{"start":{"line":123,"column":23},"end":{"line":126,"column":17}},"69":{"start":{"line":124,"column":20},"end":{"line":124,"column":37}},"70":{"start":{"line":125,"column":20},"end":{"line":125,"column":63}},"71":{"start":{"line":127,"column":16},"end":{"line":127,"column":23}},"72":{"start":{"line":131,"column":12},"end":{"line":136,"column":13}},"73":{"start":{"line":132,"column":16},"end":{"line":132,"column":32}},"74":{"start":{"line":133,"column":16},"end":{"line":133,"column":30}},"75":{"start":{"line":134,"column":16},"end":{"line":134,"column":35}},"76":{"start":{"line":135,"column":16},"end":{"line":135,"column":42}},"77":{"start":{"line":139,"column":12},"end":{"line":139,"column":66}},"78":{"start":{"line":139,"column":59},"end":{"line":139,"column":66}},"79":{"start":{"line":140,"column":12},"end":{"line":140,"column":32}},"80":{"start":{"line":141,"column":12},"end":{"line":141,"column":91}}},"fnMap":{"0":{"name":"validarNota","decl":{"start":{"line":1,"column":9},"end":{"line":1,"column":20}},"loc":{"start":{"line":1,"column":27},"end":{"line":3,"column":1}},"line":1},"1":{"name":"calcularMedia","decl":{"start":{"line":5,"column":9},"end":{"line":5,"column":22}},"loc":{"start":{"line":5,"column":37},"end":{"line":7,"column":1}},"line":5},"2":{"name":"determinarSituacao","decl":{"start":{"line":9,"column":9},"end":{"line":9,"column":27}},"loc":{"start":{"line":9,"column":35},"end":{"line":17,"column":1}},"line":9},"3":{"name":"handleSubmit","decl":{"start":{"line":19,"column":9},"end":{"line":19,"column":21}},"loc":{"start":{"line":19,"column":29},"end":{"line":46,"column":1}},"line":19},"4":{"name":"(anonymous_4)","decl":{"start":{"line":48,"column":46},"end":{"line":48,"column":47}},"loc":{"start":{"line":48,"column":52},"end":{"line":53,"column":1}},"line":48},"5":{"name":"(anonymous_5)","decl":{"start":{"line":63,"column":46},"end":{"line":63,"column":47}},"loc":{"start":{"line":63,"column":57},"end":{"line":144,"column":1}},"line":63},"6":{"name":"atualizarDisplay","decl":{"start":{"line":71,"column":13},"end":{"line":71,"column":29}},"loc":{"start":{"line":71,"column":37},"end":{"line":73,"column":5}},"line":71},"7":{"name":"(anonymous_7)","decl":{"start":{"line":75,"column":19},"end":{"line":75,"column":20}},"loc":{"start":{"line":75,"column":28},"end":{"line":143,"column":5}},"line":75},"8":{"name":"(anonymous_8)","decl":{"start":{"line":76,"column":40},"end":{"line":76,"column":41}},"loc":{"start":{"line":76,"column":51},"end":{"line":142,"column":9}},"line":76}},"branchMap":{"0":{"loc":{"start":{"line":2,"column":11},"end":{"line":2,"column":62}},"type":"binary-expr","locations":[{"start":{"line":2,"column":11},"end":{"line":2,"column":35}},{"start":{"line":2,"column":39},"end":{"line":2,"column":48}},{"start":{"line":2,"column":52},"end":{"line":2,"column":62}}],"line":2},"1":{"loc":{"start":{"line":10,"column":4},"end":{"line":16,"column":5}},"type":"if","locations":[{"start":{"line":10,"column":4},"end":{"line":16,"column":5}},{"start":{"line":12,"column":11},"end":{"line":16,"column":5}}],"line":10},"2":{"loc":{"start":{"line":12,"column":11},"end":{"line":16,"column":5}},"type":"if","locations":[{"start":{"line":12,"column":11},"end":{"line":16,"column":5}},{"start":{"line":14,"column":11},"end":{"line":16,"column":5}}],"line":12},"3":{"loc":{"start":{"line":31,"column":4},"end":{"line":34,"column":5}},"type":"if","locations":[{"start":{"line":31,"column":4},"end":{"line":34,"column":5}},{"start":{},"end":{}}],"line":31},"4":{"loc":{"start":{"line":31,"column":8},"end":{"line":31,"column":50}},"type":"binary-expr","locations":[{"start":{"line":31,"column":8},"end":{"line":31,"column":27}},{"start":{"line":31,"column":31},"end":{"line":31,"column":50}}],"line":31},"5":{"loc":{"start":{"line":44,"column":79},"end":{"line":44,"column":160}},"type":"cond-expr","locations":[{"start":{"line":44,"column":105},"end":{"line":44,"column":112}},{"start":{"line":44,"column":115},"end":{"line":44,"column":160}}],"line":44},"6":{"loc":{"start":{"line":44,"column":115},"end":{"line":44,"column":160}},"type":"cond-expr","locations":[{"start":{"line":44,"column":144},"end":{"line":44,"column":152}},{"start":{"line":44,"column":155},"end":{"line":44,"column":160}}],"line":44},"7":{"loc":{"start":{"line":50,"column":4},"end":{"line":52,"column":5}},"type":"if","locations":[{"start":{"line":50,"column":4},"end":{"line":52,"column":5}},{"start":{},"end":{}}],"line":50},"8":{"loc":{"start":{"line":55,"column":0},"end":{"line":61,"column":1}},"type":"if","locations":[{"start":{"line":55,"column":0},"end":{"line":61,"column":1}},{"start":{},"end":{}}],"line":55},"9":{"loc":{"start":{"line":55,"column":4},"end":{"line":55,"column":51}},"type":"binary-expr","locations":[{"start":{"line":55,"column":4},"end":{"line":55,"column":33}},{"start":{"line":55,"column":37},"end":{"line":55,"column":51}}],"line":55},"10":{"loc":{"start":{"line":79,"column":12},"end":{"line":86,"column":13}},"type":"if","locations":[{"start":{"line":79,"column":12},"end":{"line":86,"column":13}},{"start":{},"end":{}}],"line":79},"11":{"loc":{"start":{"line":88,"column":12},"end":{"line":103,"column":13}},"type":"if","locations":[{"start":{"line":88,"column":12},"end":{"line":103,"column":13}},{"start":{},"end":{}}],"line":88},"12":{"loc":{"start":{"line":89,"column":16},"end":{"line":101,"column":17}},"type":"if","locations":[{"start":{"line":89,"column":16},"end":{"line":101,"column":17}},{"start":{},"end":{}}],"line":89},"13":{"loc":{"start":{"line":89,"column":20},"end":{"line":89,"column":59}},"type":"binary-expr","locations":[{"start":{"line":89,"column":20},"end":{"line":89,"column":33}},{"start":{"line":89,"column":37},"end":{"line":89,"column":45}},{"start":{"line":89,"column":49},"end":{"line":89,"column":59}}],"line":89},"14":{"loc":{"start":{"line":105,"column":12},"end":{"line":128,"column":13}},"type":"if","locations":[{"start":{"line":105,"column":12},"end":{"line":128,"column":13}},{"start":{},"end":{}}],"line":105},"15":{"loc":{"start":{"line":106,"column":16},"end":{"line":126,"column":17}},"type":"if","locations":[{"start":{"line":106,"column":16},"end":{"line":126,"column":17}},{"start":{"line":123,"column":23},"end":{"line":126,"column":17}}],"line":106},"16":{"loc":{"start":{"line":107,"column":20},"end":{"line":120,"column":21}},"type":"if","locations":[{"start":{"line":107,"column":20},"end":{"line":120,"column":21}},{"start":{"line":117,"column":27},"end":{"line":120,"column":21}}],"line":107},"17":{"loc":{"start":{"line":107,"column":24},"end":{"line":107,"column":49}},"type":"binary-expr","locations":[{"start":{"line":107,"column":24},"end":{"line":107,"column":37}},{"start":{"line":107,"column":41},"end":{"line":107,"column":49}}],"line":107},"18":{"loc":{"start":{"line":123,"column":23},"end":{"line":126,"column":17}},"type":"if","locations":[{"start":{"line":123,"column":23},"end":{"line":126,"column":17}},{"start":{},"end":{}}],"line":123},"19":{"loc":{"start":{"line":123,"column":27},"end":{"line":123,"column":52}},"type":"binary-expr","locations":[{"start":{"line":123,"column":27},"end":{"line":123,"column":40}},{"start":{"line":123,"column":44},"end":{"line":123,"column":52}}],"line":123},"20":{"loc":{"start":{"line":131,"column":12},"end":{"line":136,"column":13}},"type":"if","locations":[{"start":{"line":131,"column":12},"end":{"line":136,"column":13}},{"start":{},"end":{}}],"line":131},"21":{"loc":{"start":{"line":139,"column":12},"end":{"line":139,"column":66}},"type":"if","locations":[{"start":{"line":139,"column":12},"end":{"line":139,"column":66}},{"start":{},"end":{}}],"line":139},"22":{"loc":{"start":{"line":139,"column":16},"end":{"line":139,"column":57}},"type":"binary-expr","locations":[{"start":{"line":139,"column":16},"end":{"line":139,"column":29}},{"start":{"line":139,"column":33},"end":{"line":139,"column":57}}],"line":139},"23":{"loc":{"start":{"line":141,"column":30},"end":{"line":141,"column":75}},"type":"cond-expr","locations":[{"start":{"line":141,"column":46},"end":{"line":141,"column":70}},{"start":{"line":141,"column":73},"end":{"line":141,"column":75}}],"line":141}},"s":{"0":12,"1":6,"2":9,"3":3,"4":6,"5":3,"6":3,"7":0,"8":0,"9":0,"10":0,"11":0,"12":0,"13":0,"14":0,"15":0,"16":0,"17":0,"18":0,"19":0,"20":0,"21":1,"22":0,"23":0,"24":0,"25":1,"26":1,"27":1,"28":0,"29":0,"30":0,"31":0,"32":0,"33":0,"34":0,"35":0,"36":0,"37":0,"38":0,"39":0,"40":0,"41":0,"42":0,"43":0,"44":0,"45":0,"46":0,"47":0,"48":0,"49":0,"50":0,"51":0,"52":0,"53":0,"54":0,"55":0,"56":0,"57":0,"58":0,"59":0,"60":0,"61":0,"62":0,"63":0,"64":0,"65":0,"66":0,"67":0,"68":0,"69":0,"70":0,"71":0,"72":0,"73":0,"74":0,"75":0,"76":0,"77":0,"78":0,"79":0,"80":0},"f":{"0":12,"1":6,"2":9,"3":0,"4":0,"5":0,"6":0,"7":0,"8":0},"b":{"0":[12,8,6],"1":[3,6],"2":[3,3],"3":[0,0],"4":[0,0],"5":[0,0],"6":[0,0],"7":[0,0],"8":[1,0],"9":[1,1],"10":[0,0],"11":[0,0],"12":[0,0],"13":[0,0,0],"14":[0,0],"15":[0,0],"16":[0,0],"17":[0,0],"18":[0,0],"19":[0,0],"20":[0,0],"21":[0,0],"22":[0,0],"23":[0,0]},"_coverageSchema":"1a1c01bbd47fc00a2c39e90264f33305004495a9","hash":"51439dce3e913649095ae477f70e13aa7ada78a0"}
}
