{"C:\\Users\\Ricardo\\OneDrive - Fatec Centro Paula Souza\\Desktop\\calculadora de nota\\script.js": {"path":"C:\\Users\\Ricardo\\OneDrive - Fatec Centro Paula Souza\\Desktop\\calculadora de nota\\script.js","statementMap":{"0":{"start":{"line":2,"column":4},"end":{"line":2,"column":63}},"1":{"start":{"line":6,"column":4},"end":{"line":6,"column":31}},"2":{"start":{"line":10,"column":4},"end":{"line":16,"column":5}},"3":{"start":{"line":11,"column":8},"end":{"line":11,"column":26}},"4":{"start":{"line":12,"column":11},"end":{"line":16,"column":5}},"5":{"start":{"line":13,"column":8},"end":{"line":13,"column":29}},"6":{"start":{"line":15,"column":8},"end":{"line":15,"column":27}},"7":{"start":{"line":20,"column":4},"end":{"line":20,"column":27}},"8":{"start":{"line":22,"column":27},"end":{"line":22,"column":63}},"9":{"start":{"line":23,"column":23},"end":{"line":23,"column":55}},"10":{"start":{"line":24,"column":23},"end":{"line":24,"column":55}},"11":{"start":{"line":25,"column":25},"end":{"line":25,"column":61}},"12":{"start":{"line":27,"column":22},"end":{"line":27,"column":42}},"13":{"start":{"line":28,"column":18},"end":{"line":28,"column":46}},"14":{"start":{"line":29,"column":18},"end":{"line":29,"column":46}},"15":{"start":{"line":31,"column":4},"end":{"line":34,"column":5}},"16":{"start":{"line":32,"column":8},"end":{"line":32,"column":108}},"17":{"start":{"line":33,"column":8},"end":{"line":33,"column":15}},"18":{"start":{"line":36,"column":18},"end":{"line":36,"column":45}},"19":{"start":{"line":37,"column":21},"end":{"line":37,"column":46}},"20":{"start":{"line":39,"column":4},"end":{"line":45,"column":6}},"21":{"start":{"line":48,"column":0},"end":{"line":53,"column":3}},"22":{"start":{"line":49,"column":21},"end":{"line":49,"column":56}},"23":{"start":{"line":50,"column":4},"end":{"line":52,"column":5}},"24":{"start":{"line":51,"column":8},"end":{"line":51,"column":58}},"25":{"start":{"line":55,"column":0},"end":{"line":61,"column":1}},"26":{"start":{"line":56,"column":4},"end":{"line":60,"column":6}}},"fnMap":{"0":{"name":"validarNota","decl":{"start":{"line":1,"column":9},"end":{"line":1,"column":20}},"loc":{"start":{"line":1,"column":27},"end":{"line":3,"column":1}},"line":1},"1":{"name":"calcularMedia","decl":{"start":{"line":5,"column":9},"end":{"line":5,"column":22}},"loc":{"start":{"line":5,"column":37},"end":{"line":7,"column":1}},"line":5},"2":{"name":"determinarSituacao","decl":{"start":{"line":9,"column":9},"end":{"line":9,"column":27}},"loc":{"start":{"line":9,"column":35},"end":{"line":17,"column":1}},"line":9},"3":{"name":"handleSubmit","decl":{"start":{"line":19,"column":9},"end":{"line":19,"column":21}},"loc":{"start":{"line":19,"column":29},"end":{"line":46,"column":1}},"line":19},"4":{"name":"(anonymous_4)","decl":{"start":{"line":48,"column":46},"end":{"line":48,"column":47}},"loc":{"start":{"line":48,"column":52},"end":{"line":53,"column":1}},"line":48}},"branchMap":{"0":{"loc":{"start":{"line":2,"column":11},"end":{"line":2,"column":62}},"type":"binary-expr","locations":[{"start":{"line":2,"column":11},"end":{"line":2,"column":35}},{"start":{"line":2,"column":39},"end":{"line":2,"column":48}},{"start":{"line":2,"column":52},"end":{"line":2,"column":62}}],"line":2},"1":{"loc":{"start":{"line":10,"column":4},"end":{"line":16,"column":5}},"type":"if","locations":[{"start":{"line":10,"column":4},"end":{"line":16,"column":5}},{"start":{"line":12,"column":11},"end":{"line":16,"column":5}}],"line":10},"2":{"loc":{"start":{"line":12,"column":11},"end":{"line":16,"column":5}},"type":"if","locations":[{"start":{"line":12,"column":11},"end":{"line":16,"column":5}},{"start":{"line":14,"column":11},"end":{"line":16,"column":5}}],"line":12},"3":{"loc":{"start":{"line":31,"column":4},"end":{"line":34,"column":5}},"type":"if","locations":[{"start":{"line":31,"column":4},"end":{"line":34,"column":5}},{"start":{},"end":{}}],"line":31},"4":{"loc":{"start":{"line":31,"column":8},"end":{"line":31,"column":50}},"type":"binary-expr","locations":[{"start":{"line":31,"column":8},"end":{"line":31,"column":27}},{"start":{"line":31,"column":31},"end":{"line":31,"column":50}}],"line":31},"5":{"loc":{"start":{"line":44,"column":79},"end":{"line":44,"column":160}},"type":"cond-expr","locations":[{"start":{"line":44,"column":105},"end":{"line":44,"column":112}},{"start":{"line":44,"column":115},"end":{"line":44,"column":160}}],"line":44},"6":{"loc":{"start":{"line":44,"column":115},"end":{"line":44,"column":160}},"type":"cond-expr","locations":[{"start":{"line":44,"column":144},"end":{"line":44,"column":152}},{"start":{"line":44,"column":155},"end":{"line":44,"column":160}}],"line":44},"7":{"loc":{"start":{"line":50,"column":4},"end":{"line":52,"column":5}},"type":"if","locations":[{"start":{"line":50,"column":4},"end":{"line":52,"column":5}},{"start":{},"end":{}}],"line":50},"8":{"loc":{"start":{"line":55,"column":0},"end":{"line":61,"column":1}},"type":"if","locations":[{"start":{"line":55,"column":0},"end":{"line":61,"column":1}},{"start":{},"end":{}}],"line":55},"9":{"loc":{"start":{"line":55,"column":4},"end":{"line":55,"column":51}},"type":"binary-expr","locations":[{"start":{"line":55,"column":4},"end":{"line":55,"column":33}},{"start":{"line":55,"column":37},"end":{"line":55,"column":51}}],"line":55}},"s":{"0":12,"1":6,"2":9,"3":3,"4":6,"5":3,"6":3,"7":0,"8":0,"9":0,"10":0,"11":0,"12":0,"13":0,"14":0,"15":0,"16":0,"17":0,"18":0,"19":0,"20":0,"21":1,"22":0,"23":0,"24":0,"25":1,"26":1},"f":{"0":12,"1":6,"2":9,"3":0,"4":0},"b":{"0":[12,8,6],"1":[3,6],"2":[3,3],"3":[0,0],"4":[0,0],"5":[0,0],"6":[0,0],"7":[0,0],"8":[1,0],"9":[1,1]},"_coverageSchema":"1a1c01bbd47fc00a2c39e90264f33305004495a9","hash":"a672cb7622661111d6e7e4a2e99636ce200e60ce"}
}
