TN:
SF:script.js
FN:1,validarNota
FN:5,calcularMedia
FN:9,determinarSituacao
FN:19,handleSubmit
FN:48,(anonymous_4)
FN:63,(anonymous_5)
FN:71,atualizarDisplay
FN:75,(anonymous_7)
FN:76,(anonymous_8)
FNF:9
FNH:3
FNDA:12,validarNota
FNDA:6,calcularMedia
FNDA:9,determinarSituacao
FNDA:0,handleSubmit
FNDA:0,(anonymous_4)
FNDA:0,(anonymous_5)
FNDA:0,atualizarDisplay
FNDA:0,(anonymous_7)
FNDA:0,(anonymous_8)
DA:2,12
DA:6,6
DA:10,9
DA:11,3
DA:12,6
DA:13,3
DA:15,3
DA:20,0
DA:22,0
DA:23,0
DA:24,0
DA:25,0
DA:27,0
DA:28,0
DA:29,0
DA:31,0
DA:32,0
DA:33,0
DA:36,0
DA:37,0
DA:39,0
DA:48,1
DA:49,0
DA:50,0
DA:51,0
DA:55,1
DA:56,1
DA:63,1
DA:64,0
DA:65,0
DA:66,0
DA:67,0
DA:68,0
DA:69,0
DA:72,0
DA:75,0
DA:76,0
DA:77,0
DA:79,0
DA:80,0
DA:81,0
DA:82,0
DA:83,0
DA:84,0
DA:85,0
DA:88,0
DA:89,0
DA:91,0
DA:92,0
DA:94,0
DA:96,0
DA:97,0
DA:98,0
DA:99,0
DA:100,0
DA:102,0
DA:105,0
DA:106,0
DA:107,0
DA:110,0
DA:111,0
DA:113,0
DA:115,0
DA:116,0
DA:118,0
DA:119,0
DA:121,0
DA:122,0
DA:123,0
DA:124,0
DA:125,0
DA:127,0
DA:131,0
DA:132,0
DA:133,0
DA:134,0
DA:135,0
DA:139,0
DA:140,0
DA:141,0
LF:80
LH:11
BRDA:2,0,0,12
BRDA:2,0,1,8
BRDA:2,0,2,6
BRDA:10,1,0,3
BRDA:10,1,1,6
BRDA:12,2,0,3
BRDA:12,2,1,3
BRDA:31,3,0,0
BRDA:31,3,1,0
BRDA:31,4,0,0
BRDA:31,4,1,0
BRDA:44,5,0,0
BRDA:44,5,1,0
BRDA:44,6,0,0
BRDA:44,6,1,0
BRDA:50,7,0,0
BRDA:50,7,1,0
BRDA:55,8,0,1
BRDA:55,8,1,0
BRDA:55,9,0,1
BRDA:55,9,1,1
BRDA:79,10,0,0
BRDA:79,10,1,0
BRDA:88,11,0,0
BRDA:88,11,1,0
BRDA:89,12,0,0
BRDA:89,12,1,0
BRDA:89,13,0,0
BRDA:89,13,1,0
BRDA:89,13,2,0
BRDA:105,14,0,0
BRDA:105,14,1,0
BRDA:106,15,0,0
BRDA:106,15,1,0
BRDA:107,16,0,0
BRDA:107,16,1,0
BRDA:107,17,0,0
BRDA:107,17,1,0
BRDA:123,18,0,0
BRDA:123,18,1,0
BRDA:123,19,0,0
BRDA:123,19,1,0
BRDA:131,20,0,0
BRDA:131,20,1,0
BRDA:139,21,0,0
BRDA:139,21,1,0
BRDA:139,22,0,0
BRDA:139,22,1,0
BRDA:141,23,0,0
BRDA:141,23,1,0
BRF:50
BRH:10
end_of_record
