TN:
SF:script.js
FN:1,validarNota
FN:5,calcularMedia
FN:9,determinarSituacao
FN:19,handleSubmit
FN:48,(anonymous_4)
FNF:5
FNH:3
FNDA:12,validarNota
FNDA:6,calcularMedia
FNDA:9,determinarSituacao
FNDA:0,handleSubmit
FNDA:0,(anonymous_4)
DA:2,12
DA:6,6
DA:10,9
DA:11,3
DA:12,6
DA:13,3
DA:15,3
DA:20,0
DA:22,0
DA:23,0
DA:24,0
DA:25,0
DA:27,0
DA:28,0
DA:29,0
DA:31,0
DA:32,0
DA:33,0
DA:36,0
DA:37,0
DA:39,0
DA:48,1
DA:49,0
DA:50,0
DA:51,0
DA:55,1
DA:56,1
LF:27
LH:10
BRDA:2,0,0,12
BRDA:2,0,1,8
BRDA:2,0,2,6
BRDA:10,1,0,3
BRDA:10,1,1,6
BRDA:12,2,0,3
BRDA:12,2,1,3
BRDA:31,3,0,0
BRDA:31,3,1,0
BRDA:31,4,0,0
BRDA:31,4,1,0
BRDA:44,5,0,0
BRDA:44,5,1,0
BRDA:44,6,0,0
BRDA:44,6,1,0
BRDA:50,7,0,0
BRDA:50,7,1,0
BRDA:55,8,0,1
BRDA:55,8,1,0
BRDA:55,9,0,1
BRDA:55,9,1,1
BRF:21
BRH:10
end_of_record
